<?xml version="1.0" encoding="UTF-8"?>
<testsuite name="co.com.ceiba.reserva.dominio.controller.ClientTestController" tests="5" skipped="0" failures="0" errors="0" timestamp="2019-09-26T13:58:16" hostname="JULIAN-MUNOZ" time="0.135">
  <properties/>
  <testcase name="updateClient" classname="co.com.ceiba.reserva.dominio.controller.ClientTestController" time="0.049"/>
  <testcase name="getClientId" classname="co.com.ceiba.reserva.dominio.controller.ClientTestController" time="0.02"/>
  <testcase name="deleteClient" classname="co.com.ceiba.reserva.dominio.controller.ClientTestController" time="0.013"/>
  <testcase name="getClient" classname="co.com.ceiba.reserva.dominio.controller.ClientTestController" time="0.029"/>
  <testcase name="createClient" classname="co.com.ceiba.reserva.dominio.controller.ClientTestController" time="0.02"/>
  <system-out><![CDATA[2019-09-26 08:58:16.176  INFO 10268 --- [    Test worker] .b.t.c.SpringBootTestContextBootstrapper : Neither @ContextConfiguration nor @ContextHierarchy found for test class [co.com.ceiba.reserva.dominio.controller.ClientTestController], using SpringBootContextLoader
2019-09-26 08:58:16.180  INFO 10268 --- [    Test worker] o.s.t.c.support.AbstractContextLoader    : Could not detect default resource locations for test class [co.com.ceiba.reserva.dominio.controller.ClientTestController]: no resource found for suffixes {-context.xml, Context.groovy}.
2019-09-26 08:58:16.180  INFO 10268 --- [    Test worker] t.c.s.AnnotationConfigContextLoaderUtils : Could not detect default configuration classes for test class [co.com.ceiba.reserva.dominio.controller.ClientTestController]: ClientTestController does not declare any static, non-private, non-final, nested classes annotated with @Configuration.
2019-09-26 08:58:16.184  INFO 10268 --- [    Test worker] .b.t.c.SpringBootTestContextBootstrapper : Found @SpringBootConfiguration co.com.ceiba.reserva.ReservasApplication for test class co.com.ceiba.reserva.dominio.controller.ClientTestController
2019-09-26 08:58:16.188  INFO 10268 --- [    Test worker] .b.t.c.SpringBootTestContextBootstrapper : Loaded default TestExecutionListener class names from location [META-INF/spring.factories]: [org.springframework.boot.test.autoconfigure.restdocs.RestDocsTestExecutionListener, org.springframework.boot.test.autoconfigure.web.client.MockRestServiceServerResetTestExecutionListener, org.springframework.boot.test.autoconfigure.web.servlet.MockMvcPrintOnlyOnFailureTestExecutionListener, org.springframework.boot.test.autoconfigure.web.servlet.WebDriverTestExecutionListener, org.springframework.boot.test.mock.mockito.MockitoTestExecutionListener, org.springframework.boot.test.mock.mockito.ResetMocksTestExecutionListener, org.springframework.test.context.web.ServletTestExecutionListener, org.springframework.test.context.support.DirtiesContextBeforeModesTestExecutionListener, org.springframework.test.context.support.DependencyInjectionTestExecutionListener, org.springframework.test.context.support.DirtiesContextTestExecutionListener, org.springframework.test.context.transaction.TransactionalTestExecutionListener, org.springframework.test.context.jdbc.SqlScriptsTestExecutionListener]
2019-09-26 08:58:16.188  INFO 10268 --- [    Test worker] .b.t.c.SpringBootTestContextBootstrapper : Using TestExecutionListeners: [org.springframework.test.context.web.ServletTestExecutionListener@3c09593a, org.springframework.test.context.support.DirtiesContextBeforeModesTestExecutionListener@6b6a636d, org.springframework.boot.test.mock.mockito.MockitoTestExecutionListener@12b375d2, org.springframework.boot.test.autoconfigure.SpringBootDependencyInjectionTestExecutionListener@4f30c404, org.springframework.test.context.support.DirtiesContextTestExecutionListener@39068451, org.springframework.test.context.transaction.TransactionalTestExecutionListener@14fe917, org.springframework.test.context.jdbc.SqlScriptsTestExecutionListener@85b0109, org.springframework.boot.test.autoconfigure.restdocs.RestDocsTestExecutionListener@4182e4e2, org.springframework.boot.test.autoconfigure.web.client.MockRestServiceServerResetTestExecutionListener@4c2bc48f, org.springframework.boot.test.autoconfigure.web.servlet.MockMvcPrintOnlyOnFailureTestExecutionListener@32d28b4c, org.springframework.boot.test.autoconfigure.web.servlet.WebDriverTestExecutionListener@62d19756, org.springframework.boot.test.mock.mockito.ResetMocksTestExecutionListener@3422ca1a]

MockHttpServletRequest:
      HTTP Method = GET
      Request URI = /client/1
       Parameters = {}
          Headers = [Accept:"application/json"]
             Body = null
    Session Attrs = {}

Handler:
             Type = co.com.ceiba.reserva.dominio.controller.ClientController
           Method = public co.com.ceiba.reserva.dominio.entity.ClientEntity co.com.ceiba.reserva.dominio.controller.ClientController.listarId(int)

Async:
    Async started = false
     Async result = null

Resolved Exception:
             Type = null

ModelAndView:
        View name = null
             View = null
            Model = null

FlashMap:
       Attributes = null

MockHttpServletResponse:
           Status = 200
    Error message = null
          Headers = []
     Content type = null
             Body = 
    Forwarded URL = null
   Redirected URL = null
          Cookies = []

MockHttpServletRequest:
      HTTP Method = GET
      Request URI = /client
       Parameters = {}
          Headers = [Accept:"application/json"]
             Body = null
    Session Attrs = {}

Handler:
             Type = co.com.ceiba.reserva.dominio.controller.ClientController
           Method = public java.util.List<co.com.ceiba.reserva.dominio.entity.ClientEntity> co.com.ceiba.reserva.dominio.controller.ClientController.listar()

Async:
    Async started = false
     Async result = null

Resolved Exception:
             Type = null

ModelAndView:
        View name = null
             View = null
            Model = null

FlashMap:
       Attributes = null

MockHttpServletResponse:
           Status = 200
    Error message = null
          Headers = [Content-Type:"application/json;charset=UTF-8"]
     Content type = application/json;charset=UTF-8
             Body = [{"id":289,"firstName":"Aquiles","lastName":"Vaesa","email":"aquiles@vaeza.com","phoneNumber":"007"},{"id":314,"firstName":"Aquiles","lastName":"Vaesa","email":"aquiles@vaeza.com","phoneNumber":"007"},{"id":315,"firstName":"juan","lastName":"Nunez","email":"j@n.com","phoneNumber":"111111"},{"id":316,"firstName":"juan","lastName":"Nunez","email":"j@n.com","phoneNumber":"111111"},{"id":317,"firstName":"Juan","lastName":"Gomez","email":"juan@g.com","phoneNumber":"316-000-3456"},{"id":318,"firstName":"Juan","lastName":"Gomez","email":"juan@g.com","phoneNumber":"316-000-3456"},{"id":319,"firstName":"Juan","lastName":"Gomez","email":"juan@g.com","phoneNumber":"316-000-3456"},{"id":320,"firstName":"Juan","lastName":"Gomez","email":"juan@g.com","phoneNumber":"316-000-3456"},{"id":321,"firstName":"Juan","lastName":"Gomez","email":"juan@g.com","phoneNumber":"316-000-3456"},{"id":322,"firstName":"Juan","lastName":"Gomez","email":"juan@g.com","phoneNumber":"316-000-3456"},{"id":323,"firstName":"Juan","lastName":"Gomez","email":"juan@g.com","phoneNumber":"316-000-3456"},{"id":324,"firstName":"Juan","lastName":"Gomez","email":"juan@g.com","phoneNumber":"316-000-3456"},{"id":325,"firstName":"Juan","lastName":"Gomez","email":"juan@g.com","phoneNumber":"316-000-3456"},{"id":326,"firstName":"Juan","lastName":"Gomez","email":"juan@g.com","phoneNumber":"316-000-3456"},{"id":327,"firstName":"Juan","lastName":"Gomez","email":"juan@g.com","phoneNumber":"316-000-3456"},{"id":328,"firstName":"Juan","lastName":"Gomez","email":"juan@g.com","phoneNumber":"316-000-3456"},{"id":329,"firstName":"Juan","lastName":"Gomez","email":"juan@g.com","phoneNumber":"316-000-3456"},{"id":330,"firstName":"Juan","lastName":"Gomez","email":"juan@g.com","phoneNumber":"316-000-3456"},{"id":331,"firstName":"Juan","lastName":"Gomez","email":"juan@g.com","phoneNumber":"316-000-3456"},{"id":332,"firstName":"Juan","lastName":"Gomez","email":"juan@g.com","phoneNumber":"316-000-3456"},{"id":333,"firstName":"Juan","lastName":"Gomez","email":"juan@g.com","phoneNumber":"316-000-3456"}]
    Forwarded URL = null
   Redirected URL = null
          Cookies = []
]]></system-out>
  <system-err><![CDATA[]]></system-err>
</testsuite>
