<?xml version="1.0" encoding="UTF-8"?>
<testsuite name="co.com.ceiba.reserva.dominio.controller.ClientTestController" tests="5" skipped="0" failures="0" errors="0" timestamp="2019-09-20T21:28:54" hostname="JULIAN-MUNOZ" time="1.181">
  <properties/>
  <testcase name="updateClient" classname="co.com.ceiba.reserva.dominio.controller.ClientTestController" time="0.663"/>
  <testcase name="getClientId" classname="co.com.ceiba.reserva.dominio.controller.ClientTestController" time="0.378"/>
  <testcase name="deleteClient" classname="co.com.ceiba.reserva.dominio.controller.ClientTestController" time="0.013"/>
  <testcase name="getClient" classname="co.com.ceiba.reserva.dominio.controller.ClientTestController" time="0.066"/>
  <testcase name="createClient" classname="co.com.ceiba.reserva.dominio.controller.ClientTestController" time="0.056"/>
  <system-out><![CDATA[16:28:39.953 [Test worker] DEBUG org.springframework.test.context.junit4.SpringJUnit4ClassRunner - SpringJUnit4ClassRunner constructor called with [class co.com.ceiba.reserva.dominio.controller.ClientTestController]
16:28:39.974 [Test worker] DEBUG org.springframework.test.context.BootstrapUtils - Instantiating CacheAwareContextLoaderDelegate from class [org.springframework.test.context.cache.DefaultCacheAwareContextLoaderDelegate]
16:28:40.008 [Test worker] DEBUG org.springframework.test.context.BootstrapUtils - Instantiating BootstrapContext using constructor [public org.springframework.test.context.support.DefaultBootstrapContext(java.lang.Class,org.springframework.test.context.CacheAwareContextLoaderDelegate)]
16:28:40.117 [Test worker] DEBUG org.springframework.test.context.BootstrapUtils - Instantiating TestContextBootstrapper for test class [co.com.ceiba.reserva.dominio.controller.ClientTestController] from class [org.springframework.boot.test.context.SpringBootTestContextBootstrapper]
16:28:40.191 [Test worker] INFO org.springframework.boot.test.context.SpringBootTestContextBootstrapper - Neither @ContextConfiguration nor @ContextHierarchy found for test class [co.com.ceiba.reserva.dominio.controller.ClientTestController], using SpringBootContextLoader
16:28:40.209 [Test worker] DEBUG org.springframework.test.context.support.AbstractContextLoader - Did not detect default resource location for test class [co.com.ceiba.reserva.dominio.controller.ClientTestController]: class path resource [co/com/ceiba/reserva/dominio/controller/ClientTestController-context.xml] does not exist
16:28:40.211 [Test worker] DEBUG org.springframework.test.context.support.AbstractContextLoader - Did not detect default resource location for test class [co.com.ceiba.reserva.dominio.controller.ClientTestController]: class path resource [co/com/ceiba/reserva/dominio/controller/ClientTestControllerContext.groovy] does not exist
16:28:40.212 [Test worker] INFO org.springframework.test.context.support.AbstractContextLoader - Could not detect default resource locations for test class [co.com.ceiba.reserva.dominio.controller.ClientTestController]: no resource found for suffixes {-context.xml, Context.groovy}.
16:28:40.216 [Test worker] INFO org.springframework.test.context.support.AnnotationConfigContextLoaderUtils - Could not detect default configuration classes for test class [co.com.ceiba.reserva.dominio.controller.ClientTestController]: ClientTestController does not declare any static, non-private, non-final, nested classes annotated with @Configuration.
16:28:40.419 [Test worker] DEBUG org.springframework.test.context.support.ActiveProfilesUtils - Could not find an 'annotation declaring class' for annotation type [org.springframework.test.context.ActiveProfiles] and class [co.com.ceiba.reserva.dominio.controller.ClientTestController]
16:28:40.749 [Test worker] DEBUG org.springframework.context.annotation.ClassPathScanningCandidateComponentProvider - Identified candidate component class: file [C:\Users\julian.munoz\Documents\Reservas\build\classes\java\main\co\com\ceiba\reserva\ReservasApplication.class]
16:28:40.752 [Test worker] INFO org.springframework.boot.test.context.SpringBootTestContextBootstrapper - Found @SpringBootConfiguration co.com.ceiba.reserva.ReservasApplication for test class co.com.ceiba.reserva.dominio.controller.ClientTestController
16:28:41.191 [Test worker] DEBUG org.springframework.boot.test.context.SpringBootTestContextBootstrapper - @TestExecutionListeners is not present for class [co.com.ceiba.reserva.dominio.controller.ClientTestController]: using defaults.
16:28:41.193 [Test worker] INFO org.springframework.boot.test.context.SpringBootTestContextBootstrapper - Loaded default TestExecutionListener class names from location [META-INF/spring.factories]: [org.springframework.boot.test.autoconfigure.restdocs.RestDocsTestExecutionListener, org.springframework.boot.test.autoconfigure.web.client.MockRestServiceServerResetTestExecutionListener, org.springframework.boot.test.autoconfigure.web.servlet.MockMvcPrintOnlyOnFailureTestExecutionListener, org.springframework.boot.test.autoconfigure.web.servlet.WebDriverTestExecutionListener, org.springframework.boot.test.mock.mockito.MockitoTestExecutionListener, org.springframework.boot.test.mock.mockito.ResetMocksTestExecutionListener, org.springframework.test.context.web.ServletTestExecutionListener, org.springframework.test.context.support.DirtiesContextBeforeModesTestExecutionListener, org.springframework.test.context.support.DependencyInjectionTestExecutionListener, org.springframework.test.context.support.DirtiesContextTestExecutionListener, org.springframework.test.context.transaction.TransactionalTestExecutionListener, org.springframework.test.context.jdbc.SqlScriptsTestExecutionListener]
16:28:41.286 [Test worker] INFO org.springframework.boot.test.context.SpringBootTestContextBootstrapper - Using TestExecutionListeners: [org.springframework.test.context.web.ServletTestExecutionListener@28d9ff07, org.springframework.test.context.support.DirtiesContextBeforeModesTestExecutionListener@629c28f6, org.springframework.boot.test.mock.mockito.MockitoTestExecutionListener@63414f81, org.springframework.boot.test.autoconfigure.SpringBootDependencyInjectionTestExecutionListener@1e07ceaa, org.springframework.test.context.support.DirtiesContextTestExecutionListener@79c12baa, org.springframework.test.context.transaction.TransactionalTestExecutionListener@7a1977fc, org.springframework.test.context.jdbc.SqlScriptsTestExecutionListener@134d1279, org.springframework.boot.test.autoconfigure.restdocs.RestDocsTestExecutionListener@331fec24, org.springframework.boot.test.autoconfigure.web.client.MockRestServiceServerResetTestExecutionListener@43731d96, org.springframework.boot.test.autoconfigure.web.servlet.MockMvcPrintOnlyOnFailureTestExecutionListener@72e42493, org.springframework.boot.test.autoconfigure.web.servlet.WebDriverTestExecutionListener@9c12e6c, org.springframework.boot.test.mock.mockito.ResetMocksTestExecutionListener@45f38dbc]
16:28:41.300 [Test worker] DEBUG org.springframework.test.annotation.ProfileValueUtils - Retrieved @ProfileValueSourceConfiguration [null] for test class [co.com.ceiba.reserva.dominio.controller.ClientTestController]
16:28:41.302 [Test worker] DEBUG org.springframework.test.annotation.ProfileValueUtils - Retrieved ProfileValueSource type [class org.springframework.test.annotation.SystemProfileValueSource] for class [co.com.ceiba.reserva.dominio.controller.ClientTestController]
16:28:41.325 [Test worker] DEBUG org.springframework.test.annotation.ProfileValueUtils - Retrieved @ProfileValueSourceConfiguration [null] for test class [co.com.ceiba.reserva.dominio.controller.ClientTestController]
16:28:41.325 [Test worker] DEBUG org.springframework.test.annotation.ProfileValueUtils - Retrieved ProfileValueSource type [class org.springframework.test.annotation.SystemProfileValueSource] for class [co.com.ceiba.reserva.dominio.controller.ClientTestController]
16:28:41.327 [Test worker] DEBUG org.springframework.test.annotation.ProfileValueUtils - Retrieved @ProfileValueSourceConfiguration [null] for test class [co.com.ceiba.reserva.dominio.controller.ClientTestController]
16:28:41.328 [Test worker] DEBUG org.springframework.test.annotation.ProfileValueUtils - Retrieved ProfileValueSource type [class org.springframework.test.annotation.SystemProfileValueSource] for class [co.com.ceiba.reserva.dominio.controller.ClientTestController]
16:28:41.346 [Test worker] DEBUG org.springframework.test.context.support.AbstractDirtiesContextTestExecutionListener - Before test class: context [DefaultTestContext@37bf7f23 testClass = ClientTestController, testInstance = [null], testMethod = [null], testException = [null], mergedContextConfiguration = [WebMergedContextConfiguration@30c531e9 testClass = ClientTestController, locations = '{}', classes = '{class co.com.ceiba.reserva.ReservasApplication}', contextInitializerClasses = '[]', activeProfiles = '{}', propertySourceLocations = '{}', propertySourceProperties = '{org.springframework.boot.test.context.SpringBootTestContextBootstrapper=true}', contextCustomizers = set[org.springframework.boot.test.autoconfigure.properties.PropertyMappingContextCustomizer@e7e8512, org.springframework.boot.test.autoconfigure.web.servlet.WebDriverContextCustomizerFactory$Customizer@4f6c8f91, [ImportsContextCustomizer@39ba386c key = [org.springframework.boot.test.autoconfigure.web.servlet.MockMvcAutoConfiguration, org.springframework.boot.test.autoconfigure.web.servlet.MockMvcSecurityAutoConfiguration, org.springframework.boot.test.autoconfigure.web.servlet.MockMvcWebClientAutoConfiguration, org.springframework.boot.test.autoconfigure.web.servlet.MockMvcWebDriverAutoConfiguration]], org.springframework.boot.test.context.filter.ExcludeFilterContextCustomizer@5760574d, org.springframework.boot.test.json.DuplicateJsonObjectContextCustomizerFactory$DuplicateJsonObjectContextCustomizer@32689d9b, org.springframework.boot.test.mock.mockito.MockitoContextCustomizer@0, org.springframework.boot.test.web.client.TestRestTemplateContextCustomizer@2c4f6b53], resourceBasePath = 'src/main/webapp', contextLoader = 'org.springframework.boot.test.context.SpringBootContextLoader', parent = [null]], attributes = map['org.springframework.test.context.web.ServletTestExecutionListener.activateListener' -> true]], class annotated with @DirtiesContext [false] with mode [null].
16:28:41.348 [Test worker] DEBUG org.springframework.test.annotation.ProfileValueUtils - Retrieved @ProfileValueSourceConfiguration [null] for test class [co.com.ceiba.reserva.dominio.controller.ClientTestController]
16:28:41.349 [Test worker] DEBUG org.springframework.test.annotation.ProfileValueUtils - Retrieved ProfileValueSource type [class org.springframework.test.annotation.SystemProfileValueSource] for class [co.com.ceiba.reserva.dominio.controller.ClientTestController]
16:28:41.439 [Test worker] DEBUG org.springframework.test.context.support.TestPropertySourceUtils - Adding inlined properties to environment: {spring.jmx.enabled=false, org.springframework.boot.test.context.SpringBootTestContextBootstrapper=true, server.port=-1}

  .   ____          _            __ _ _
 /\\ / ___'_ __ _ _(_)_ __  __ _ \ \ \ \
( ( )\___ | '_ | '_| | '_ \/ _` | \ \ \ \
 \\/  ___)| |_)| | | | | || (_| |  ) ) ) )
  '  |____| .__|_| |_|_| |_\__, | / / / /
 =========|_|==============|___/=/_/_/_/
 :: Spring Boot ::        (v2.1.8.RELEASE)

2019-09-20 16:28:42.580  INFO 12520 --- [    Test worker] c.c.c.r.d.c.ClientTestController         : Starting ClientTestController on JULIAN-MUNOZ with PID 12520 (started by julian.munoz in C:\Users\julian.munoz\Documents\Reservas)
2019-09-20 16:28:42.584  INFO 12520 --- [    Test worker] c.c.c.r.d.c.ClientTestController         : No active profile set, falling back to default profiles: default
2019-09-20 16:28:44.386  INFO 12520 --- [    Test worker] .s.d.r.c.RepositoryConfigurationDelegate : Bootstrapping Spring Data repositories in DEFAULT mode.
2019-09-20 16:28:44.631  INFO 12520 --- [    Test worker] .s.d.r.c.RepositoryConfigurationDelegate : Finished Spring Data repository scanning in 205ms. Found 3 repository interfaces.
2019-09-20 16:28:46.290  INFO 12520 --- [    Test worker] trationDelegate$BeanPostProcessorChecker : Bean 'org.springframework.transaction.annotation.ProxyTransactionManagementConfiguration' of type [org.springframework.transaction.annotation.ProxyTransactionManagementConfiguration$$EnhancerBySpringCGLIB$$ccd8e5a6] is not eligible for getting processed by all BeanPostProcessors (for example: not eligible for auto-proxying)
2019-09-20 16:28:46.840  INFO 12520 --- [    Test worker] com.zaxxer.hikari.HikariDataSource       : HikariPool-1 - Starting...
2019-09-20 16:28:47.918  INFO 12520 --- [    Test worker] com.zaxxer.hikari.HikariDataSource       : HikariPool-1 - Start completed.
2019-09-20 16:28:48.252  INFO 12520 --- [    Test worker] o.hibernate.jpa.internal.util.LogHelper  : HHH000204: Processing PersistenceUnitInfo [
	name: default
	...]
2019-09-20 16:28:48.418  INFO 12520 --- [    Test worker] org.hibernate.Version                    : HHH000412: Hibernate Core {5.3.11.Final}
2019-09-20 16:28:48.421  INFO 12520 --- [    Test worker] org.hibernate.cfg.Environment            : HHH000206: hibernate.properties not found
2019-09-20 16:28:48.771  INFO 12520 --- [    Test worker] o.hibernate.annotations.common.Version   : HCANN000001: Hibernate Commons Annotations {5.0.4.Final}
2019-09-20 16:28:49.141  INFO 12520 --- [    Test worker] org.hibernate.dialect.Dialect            : HHH000400: Using dialect: org.hibernate.dialect.MySQL5Dialect
2019-09-20 16:28:50.848  INFO 12520 --- [    Test worker] j.LocalContainerEntityManagerFactoryBean : Initialized JPA EntityManagerFactory for persistence unit 'default'
2019-09-20 16:28:53.003  INFO 12520 --- [    Test worker] o.s.s.concurrent.ThreadPoolTaskExecutor  : Initializing ExecutorService 'applicationTaskExecutor'
2019-09-20 16:28:53.151  WARN 12520 --- [    Test worker] aWebConfiguration$JpaWebMvcConfiguration : spring.jpa.open-in-view is enabled by default. Therefore, database queries may be performed during view rendering. Explicitly configure spring.jpa.open-in-view to disable this warning
2019-09-20 16:28:53.882  INFO 12520 --- [    Test worker] o.s.b.t.m.w.SpringBootMockServletContext : Initializing Spring TestDispatcherServlet ''
2019-09-20 16:28:53.883  INFO 12520 --- [    Test worker] o.s.t.web.servlet.TestDispatcherServlet  : Initializing Servlet ''
2019-09-20 16:28:53.913  INFO 12520 --- [    Test worker] o.s.t.web.servlet.TestDispatcherServlet  : Completed initialization in 27 ms
2019-09-20 16:28:53.959  INFO 12520 --- [    Test worker] c.c.c.r.d.c.ClientTestController         : Started ClientTestController in 12.481 seconds (JVM running for 16.026)
2019-09-20 16:28:54.735  INFO 12520 --- [    Test worker] o.h.h.i.QueryTranslatorFactoryInitiator  : HHH000397: Using ASTQueryTranslatorFactory

MockHttpServletRequest:
      HTTP Method = GET
      Request URI = /client/1
       Parameters = {}
          Headers = [Accept:"application/json"]
             Body = null
    Session Attrs = {}

Handler:
             Type = co.com.ceiba.reserva.dominio.controller.ClientController
           Method = public co.com.ceiba.reserva.dominio.entity.ClientEntity co.com.ceiba.reserva.dominio.controller.ClientController.listarId(int)

Async:
    Async started = false
     Async result = null

Resolved Exception:
             Type = null

ModelAndView:
        View name = null
             View = null
            Model = null

FlashMap:
       Attributes = null

MockHttpServletResponse:
           Status = 200
    Error message = null
          Headers = []
     Content type = null
             Body = 
    Forwarded URL = null
   Redirected URL = null
          Cookies = []

MockHttpServletRequest:
      HTTP Method = GET
      Request URI = /client
       Parameters = {}
          Headers = [Accept:"application/json"]
             Body = null
    Session Attrs = {}

Handler:
             Type = co.com.ceiba.reserva.dominio.controller.ClientController
           Method = public java.util.List<co.com.ceiba.reserva.dominio.entity.ClientEntity> co.com.ceiba.reserva.dominio.controller.ClientController.listar()

Async:
    Async started = false
     Async result = null

Resolved Exception:
             Type = null

ModelAndView:
        View name = null
             View = null
            Model = null

FlashMap:
       Attributes = null

MockHttpServletResponse:
           Status = 200
    Error message = null
          Headers = [Content-Type:"application/json;charset=UTF-8"]
     Content type = application/json;charset=UTF-8
             Body = [{"id":2,"firstName":"Juan","lastName":"Gomez","email":"juan@g.com","phoneNumber":"316-000-3456"},{"id":3,"firstName":"luis","lastName":"Torrez","email":"t@torres","phoneNumber":"3256"},{"id":4,"firstName":"Barry ","lastName":"Allen","email":"barry@allen.com","phoneNumber":"3001112222"},{"id":5,"firstName":"pedro","lastName":"gomez","email":"p@g.com","phoneNumber":"235236"},{"id":7,"firstName":"Juan","lastName":"Gomez","email":"juan@g.com","phoneNumber":"316-000-3456"},{"id":8,"firstName":"Juan","lastName":"Gomez","email":"juan@g.com","phoneNumber":"316-000-3456"},{"id":9,"firstName":"Juan","lastName":"Gomez","email":"juan@g.com","phoneNumber":"316-000-3456"},{"id":10,"firstName":"Juan","lastName":"Gomez","email":"juan@g.com","phoneNumber":"316-000-3456"},{"id":11,"firstName":"Juan","lastName":"Gomez","email":"juan@g.com","phoneNumber":"316-000-3456"},{"id":12,"firstName":"Juan","lastName":"Gomez","email":"juan@g.com","phoneNumber":"316-000-3456"},{"id":13,"firstName":"Juan","lastName":"Gomez","email":"juan@g.com","phoneNumber":"316-000-3456"},{"id":14,"firstName":"Juan","lastName":"Gomez","email":"juan@g.com","phoneNumber":"316-000-3456"},{"id":15,"firstName":"Juan","lastName":"Gomez","email":"juan@g.com","phoneNumber":"316-000-3456"},{"id":16,"firstName":"Juan","lastName":"Gomez","email":"juan@g.com","phoneNumber":"316-000-3456"},{"id":17,"firstName":"Juan","lastName":"Gomez","email":"juan@g.com","phoneNumber":"316-000-3456"},{"id":18,"firstName":"Juan","lastName":"Gomez","email":"juan@g.com","phoneNumber":"316-000-3456"},{"id":19,"firstName":"Juan","lastName":"Gomez","email":"juan@g.com","phoneNumber":"316-000-3456"},{"id":20,"firstName":"Juan","lastName":"Gomez","email":"juan@g.com","phoneNumber":"316-000-3456"},{"id":21,"firstName":"Juan","lastName":"Gomez","email":"juan@g.com","phoneNumber":"316-000-3456"},{"id":22,"firstName":"Juan","lastName":"Gomez","email":"juan@g.com","phoneNumber":"316-000-3456"},{"id":23,"firstName":"Juan","lastName":"Gomez","email":"juan@g.com","phoneNumber":"316-000-3456"},{"id":24,"firstName":"Juan","lastName":"Gomez","email":"juan@g.com","phoneNumber":"316-000-3456"},{"id":25,"firstName":"Juan","lastName":"Gomez","email":"juan@g.com","phoneNumber":"316-000-3456"},{"id":26,"firstName":"Juan","lastName":"Gomez","email":"juan@g.com","phoneNumber":"316-000-3456"},{"id":27,"firstName":"Juan","lastName":"Gomez","email":"juan@g.com","phoneNumber":"316-000-3456"},{"id":28,"firstName":"Juan","lastName":"Gomez","email":"juan@g.com","phoneNumber":"316-000-3456"},{"id":29,"firstName":"Juan","lastName":"Gomez","email":"juan@g.com","phoneNumber":"316-000-3456"},{"id":30,"firstName":"Juan","lastName":"Gomez","email":"juan@g.com","phoneNumber":"316-000-3456"},{"id":31,"firstName":"Juan","lastName":"Gomez","email":"juan@g.com","phoneNumber":"316-000-3456"},{"id":32,"firstName":"Juan","lastName":"Gomez","email":"juan@g.com","phoneNumber":"316-000-3456"},{"id":33,"firstName":"Juan","lastName":"Gomez","email":"juan@g.com","phoneNumber":"316-000-3456"},{"id":34,"firstName":"Juan","lastName":"Gomez","email":"juan@g.com","phoneNumber":"316-000-3456"},{"id":35,"firstName":"Juan","lastName":"Gomez","email":"juan@g.com","phoneNumber":"316-000-3456"},{"id":36,"firstName":"Juan","lastName":"Gomez","email":"juan@g.com","phoneNumber":"316-000-3456"},{"id":37,"firstName":"Juan","lastName":"Gomez","email":"juan@g.com","phoneNumber":"316-000-3456"},{"id":38,"firstName":"Juan","lastName":"Gomez","email":"juan@g.com","phoneNumber":"316-000-3456"}]
    Forwarded URL = null
   Redirected URL = null
          Cookies = []
]]></system-out>
  <system-err><![CDATA[]]></system-err>
</testsuite>
