<?xml version="1.0" encoding="UTF-8"?>
<testsuite name="co.com.ceiba.reserva.dominio.BillTest" tests="4" skipped="0" failures="0" errors="0" timestamp="2019-09-19T21:27:54" hostname="JULIAN-MUNOZ" time="1.661">
  <properties/>
  <testcase name="decorForReservation" classname="co.com.ceiba.reserva.dominio.BillTest" time="1.65"/>
  <testcase name="discountForTuesdayAndWednesday" classname="co.com.ceiba.reserva.dominio.BillTest" time="0.004"/>
  <testcase name="discountForFivePeopleOrMore" classname="co.com.ceiba.reserva.dominio.BillTest" time="0.001"/>
  <testcase name="createBillTest" classname="co.com.ceiba.reserva.dominio.BillTest" time="0.004"/>
  <system-out><![CDATA[]]></system-out>
  <system-err><![CDATA[]]></system-err>
</testsuite>
