<?xml version="1.0" encoding="UTF-8"?>
<testsuite name="co.com.ceiba.reserva.dominio.ReservationTest" tests="2" skipped="0" failures="0" errors="0" timestamp="2019-09-19T21:27:56" hostname="JULIAN-MUNOZ" time="0.004">
  <properties/>
  <testcase name="differenceBetweenCurrentDateAndReservationDate" classname="co.com.ceiba.reserva.dominio.ReservationTest" time="0.002"/>
  <testcase name="createReservationTest" classname="co.com.ceiba.reserva.dominio.ReservationTest" time="0.002"/>
  <system-out><![CDATA[]]></system-out>
  <system-err><![CDATA[]]></system-err>
</testsuite>
