<?xml version="1.0" encoding="UTF-8"?>
<testsuite name="co.com.ceiba.reserva.dominio.BillTest" tests="4" skipped="0" failures="0" errors="0" timestamp="2019-09-26T13:58:00" hostname="JULIAN-MUNOZ" time="1.322">
  <properties/>
  <testcase name="decorForReservation" classname="co.com.ceiba.reserva.dominio.BillTest" time="1.312"/>
  <testcase name="discountForTuesdayAndWednesday" classname="co.com.ceiba.reserva.dominio.BillTest" time="0.005"/>
  <testcase name="discountForFivePeopleOrMore" classname="co.com.ceiba.reserva.dominio.BillTest" time="0.001"/>
  <testcase name="createBillTest" classname="co.com.ceiba.reserva.dominio.BillTest" time="0.003"/>
  <system-out><![CDATA[]]></system-out>
  <system-err><![CDATA[]]></system-err>
</testsuite>
